<?xml version="1.0" encoding="UTF-8"?>
<testsuite xmlns:xsi="http://www.w3.org/2001/XMLSchema-instance" xsi:noNamespaceSchemaLocation="https://maven.apache.org/surefire/maven-surefire-plugin/xsd/surefire-test-report-3.0.xsd" version="3.0" name="com.example.order_service.OrderServiceApplicationTests" time="14.632" tests="1" errors="0" skipped="0" failures="0">
  <properties>
    <property name="java.specification.version" value="21"/>
    <property name="sun.jnu.encoding" value="UTF-8"/>
    <property name="java.class.path" value="/Users/ravikumar/Downloads/spring-micro-services/order-service/target/test-classes:/Users/ravikumar/Downloads/spring-micro-services/order-service/target/classes:/Users/ravikumar/.m2/repository/org/springframework/boot/spring-boot-starter-data-jpa/3.3.3/spring-boot-starter-data-jpa-3.3.3.jar:/Users/ravikumar/.m2/repository/org/springframework/boot/spring-boot-starter-aop/3.3.3/spring-boot-starter-aop-3.3.3.jar:/Users/ravikumar/.m2/repository/org/springframework/spring-aop/6.1.12/spring-aop-6.1.12.jar:/Users/ravikumar/.m2/repository/org/aspectj/aspectjweaver/1.9.22.1/aspectjweaver-1.9.22.1.jar:/Users/ravikumar/.m2/repository/org/springframework/boot/spring-boot-starter-jdbc/3.3.3/spring-boot-starter-jdbc-3.3.3.jar:/Users/ravikumar/.m2/repository/com/zaxxer/HikariCP/5.1.0/HikariCP-5.1.0.jar:/Users/ravikumar/.m2/repository/org/springframework/spring-jdbc/6.1.12/spring-jdbc-6.1.12.jar:/Users/ravikumar/.m2/repository/org/hibernate/orm/hibernate-core/6.5.2.Final/hibernate-core-6.5.2.Final.jar:/Users/ravikumar/.m2/repository/jakarta/persistence/jakarta.persistence-api/3.1.0/jakarta.persistence-api-3.1.0.jar:/Users/ravikumar/.m2/repository/jakarta/transaction/jakarta.transaction-api/2.0.1/jakarta.transaction-api-2.0.1.jar:/Users/ravikumar/.m2/repository/org/jboss/logging/jboss-logging/3.5.3.Final/jboss-logging-3.5.3.Final.jar:/Users/ravikumar/.m2/repository/org/hibernate/common/hibernate-commons-annotations/6.0.6.Final/hibernate-commons-annotations-6.0.6.Final.jar:/Users/ravikumar/.m2/repository/io/smallrye/jandex/3.1.2/jandex-3.1.2.jar:/Users/ravikumar/.m2/repository/com/fasterxml/classmate/1.7.0/classmate-1.7.0.jar:/Users/ravikumar/.m2/repository/net/bytebuddy/byte-buddy/1.14.19/byte-buddy-1.14.19.jar:/Users/ravikumar/.m2/repository/org/glassfish/jaxb/jaxb-runtime/4.0.5/jaxb-runtime-4.0.5.jar:/Users/ravikumar/.m2/repository/org/glassfish/jaxb/jaxb-core/4.0.5/jaxb-core-4.0.5.jar:/Users/ravikumar/.m2/repository/org/eclipse/angus/angus-activation/2.0.2/angus-activation-2.0.2.jar:/Users/ravikumar/.m2/repository/org/glassfish/jaxb/txw2/4.0.5/txw2-4.0.5.jar:/Users/ravikumar/.m2/repository/com/sun/istack/istack-commons-runtime/4.1.2/istack-commons-runtime-4.1.2.jar:/Users/ravikumar/.m2/repository/jakarta/inject/jakarta.inject-api/2.0.1/jakarta.inject-api-2.0.1.jar:/Users/ravikumar/.m2/repository/org/antlr/antlr4-runtime/4.13.0/antlr4-runtime-4.13.0.jar:/Users/ravikumar/.m2/repository/org/springframework/data/spring-data-jpa/3.3.3/spring-data-jpa-3.3.3.jar:/Users/ravikumar/.m2/repository/org/springframework/data/spring-data-commons/3.3.3/spring-data-commons-3.3.3.jar:/Users/ravikumar/.m2/repository/org/springframework/spring-orm/6.1.12/spring-orm-6.1.12.jar:/Users/ravikumar/.m2/repository/org/springframework/spring-context/6.1.12/spring-context-6.1.12.jar:/Users/ravikumar/.m2/repository/org/springframework/spring-tx/6.1.12/spring-tx-6.1.12.jar:/Users/ravikumar/.m2/repository/org/springframework/spring-beans/6.1.12/spring-beans-6.1.12.jar:/Users/ravikumar/.m2/repository/jakarta/annotation/jakarta.annotation-api/2.1.1/jakarta.annotation-api-2.1.1.jar:/Users/ravikumar/.m2/repository/org/springframework/spring-aspects/6.1.12/spring-aspects-6.1.12.jar:/Users/ravikumar/.m2/repository/org/springframework/boot/spring-boot-starter-web/3.3.3/spring-boot-starter-web-3.3.3.jar:/Users/ravikumar/.m2/repository/org/springframework/boot/spring-boot-starter/3.3.3/spring-boot-starter-3.3.3.jar:/Users/ravikumar/.m2/repository/org/springframework/boot/spring-boot-starter-logging/3.3.3/spring-boot-starter-logging-3.3.3.jar:/Users/ravikumar/.m2/repository/ch/qos/logback/logback-classic/1.5.7/logback-classic-1.5.7.jar:/Users/ravikumar/.m2/repository/ch/qos/logback/logback-core/1.5.7/logback-core-1.5.7.jar:/Users/ravikumar/.m2/repository/org/apache/logging/log4j/log4j-to-slf4j/2.23.1/log4j-to-slf4j-2.23.1.jar:/Users/ravikumar/.m2/repository/org/apache/logging/log4j/log4j-api/2.23.1/log4j-api-2.23.1.jar:/Users/ravikumar/.m2/repository/org/slf4j/jul-to-slf4j/2.0.16/jul-to-slf4j-2.0.16.jar:/Users/ravikumar/.m2/repository/org/yaml/snakeyaml/2.2/snakeyaml-2.2.jar:/Users/ravikumar/.m2/repository/org/springframework/boot/spring-boot-starter-json/3.3.3/spring-boot-starter-json-3.3.3.jar:/Users/ravikumar/.m2/repository/com/fasterxml/jackson/core/jackson-databind/2.17.2/jackson-databind-2.17.2.jar:/Users/ravikumar/.m2/repository/com/fasterxml/jackson/datatype/jackson-datatype-jdk8/2.17.2/jackson-datatype-jdk8-2.17.2.jar:/Users/ravikumar/.m2/repository/com/fasterxml/jackson/datatype/jackson-datatype-jsr310/2.17.2/jackson-datatype-jsr310-2.17.2.jar:/Users/ravikumar/.m2/repository/com/fasterxml/jackson/module/jackson-module-parameter-names/2.17.2/jackson-module-parameter-names-2.17.2.jar:/Users/ravikumar/.m2/repository/org/springframework/boot/spring-boot-starter-tomcat/3.3.3/spring-boot-starter-tomcat-3.3.3.jar:/Users/ravikumar/.m2/repository/org/apache/tomcat/embed/tomcat-embed-core/10.1.28/tomcat-embed-core-10.1.28.jar:/Users/ravikumar/.m2/repository/org/apache/tomcat/embed/tomcat-embed-el/10.1.28/tomcat-embed-el-10.1.28.jar:/Users/ravikumar/.m2/repository/org/apache/tomcat/embed/tomcat-embed-websocket/10.1.28/tomcat-embed-websocket-10.1.28.jar:/Users/ravikumar/.m2/repository/org/springframework/spring-web/6.1.12/spring-web-6.1.12.jar:/Users/ravikumar/.m2/repository/org/springframework/spring-webmvc/6.1.12/spring-webmvc-6.1.12.jar:/Users/ravikumar/.m2/repository/org/springframework/spring-expression/6.1.12/spring-expression-6.1.12.jar:/Users/ravikumar/.m2/repository/com/mysql/mysql-connector-j/8.3.0/mysql-connector-j-8.3.0.jar:/Users/ravikumar/.m2/repository/org/springframework/cloud/spring-cloud-starter-netflix-eureka-client/4.1.3/spring-cloud-starter-netflix-eureka-client-4.1.3.jar:/Users/ravikumar/.m2/repository/org/springframework/cloud/spring-cloud-starter/4.1.4/spring-cloud-starter-4.1.4.jar:/Users/ravikumar/.m2/repository/org/springframework/cloud/spring-cloud-context/4.1.4/spring-cloud-context-4.1.4.jar:/Users/ravikumar/.m2/repository/org/springframework/security/spring-security-rsa/1.1.3/spring-security-rsa-1.1.3.jar:/Users/ravikumar/.m2/repository/org/bouncycastle/bcprov-jdk18on/1.78/bcprov-jdk18on-1.78.jar:/Users/ravikumar/.m2/repository/org/springframework/cloud/spring-cloud-netflix-eureka-client/4.1.3/spring-cloud-netflix-eureka-client-4.1.3.jar:/Users/ravikumar/.m2/repository/org/apache/httpcomponents/client5/httpclient5/5.3.1/httpclient5-5.3.1.jar:/Users/ravikumar/.m2/repository/org/apache/httpcomponents/core5/httpcore5/5.2.5/httpcore5-5.2.5.jar:/Users/ravikumar/.m2/repository/org/apache/httpcomponents/core5/httpcore5-h2/5.2.5/httpcore5-h2-5.2.5.jar:/Users/ravikumar/.m2/repository/com/netflix/eureka/eureka-client/2.0.3/eureka-client-2.0.3.jar:/Users/ravikumar/.m2/repository/com/thoughtworks/xstream/xstream/1.4.20/xstream-1.4.20.jar:/Users/ravikumar/.m2/repository/io/github/x-stream/mxparser/1.2.2/mxparser-1.2.2.jar:/Users/ravikumar/.m2/repository/xmlpull/xmlpull/1.1.3.1/xmlpull-1.1.3.1.jar:/Users/ravikumar/.m2/repository/jakarta/ws/rs/jakarta.ws.rs-api/3.1.0/jakarta.ws.rs-api-3.1.0.jar:/Users/ravikumar/.m2/repository/com/netflix/spectator/spectator-api/1.7.3/spectator-api-1.7.3.jar:/Users/ravikumar/.m2/repository/org/apache/httpcomponents/httpclient/4.5.3/httpclient-4.5.3.jar:/Users/ravikumar/.m2/repository/org/apache/httpcomponents/httpcore/4.4.16/httpcore-4.4.16.jar:/Users/ravikumar/.m2/repository/commons-codec/commons-codec/1.16.1/commons-codec-1.16.1.jar:/Users/ravikumar/.m2/repository/commons-configuration/commons-configuration/1.10/commons-configuration-1.10.jar:/Users/ravikumar/.m2/repository/commons-lang/commons-lang/2.6/commons-lang-2.6.jar:/Users/ravikumar/.m2/repository/com/fasterxml/jackson/core/jackson-annotations/2.17.2/jackson-annotations-2.17.2.jar:/Users/ravikumar/.m2/repository/com/fasterxml/jackson/core/jackson-core/2.17.2/jackson-core-2.17.2.jar:/Users/ravikumar/.m2/repository/com/netflix/netflix-commons/netflix-eventbus/0.3.0/netflix-eventbus-0.3.0.jar:/Users/ravikumar/.m2/repository/com/netflix/netflix-commons/netflix-infix/0.3.0/netflix-infix-0.3.0.jar:/Users/ravikumar/.m2/repository/commons-jxpath/commons-jxpath/1.3/commons-jxpath-1.3.jar:/Users/ravikumar/.m2/repository/joda-time/joda-time/2.3/joda-time-2.3.jar:/Users/ravikumar/.m2/repository/org/antlr/antlr-runtime/3.4/antlr-runtime-3.4.jar:/Users/ravikumar/.m2/repository/org/antlr/stringtemplate/3.2.1/stringtemplate-3.2.1.jar:/Users/ravikumar/.m2/repository/antlr/antlr/2.7.7/antlr-2.7.7.jar:/Users/ravikumar/.m2/repository/com/google/code/gson/gson/2.10.1/gson-2.10.1.jar:/Users/ravikumar/.m2/repository/com/netflix/servo/servo-core/0.5.3/servo-core-0.5.3.jar:/Users/ravikumar/.m2/repository/org/apache/commons/commons-math/2.2/commons-math-2.2.jar:/Users/ravikumar/.m2/repository/javax/annotation/javax.annotation-api/1.2/javax.annotation-api-1.2.jar:/Users/ravikumar/.m2/repository/org/codehaus/jettison/jettison/1.5.4/jettison-1.5.4.jar:/Users/ravikumar/.m2/repository/com/netflix/eureka/eureka-core/2.0.3/eureka-core-2.0.3.jar:/Users/ravikumar/.m2/repository/com/fasterxml/woodstox/woodstox-core/6.2.1/woodstox-core-6.2.1.jar:/Users/ravikumar/.m2/repository/org/codehaus/woodstox/stax2-api/4.2.1/stax2-api-4.2.1.jar:/Users/ravikumar/.m2/repository/com/google/guava/guava/33.0.0-jre/guava-33.0.0-jre.jar:/Users/ravikumar/.m2/repository/com/google/guava/failureaccess/1.0.2/failureaccess-1.0.2.jar:/Users/ravikumar/.m2/repository/com/google/guava/listenablefuture/9999.0-empty-to-avoid-conflict-with-guava/listenablefuture-9999.0-empty-to-avoid-conflict-with-guava.jar:/Users/ravikumar/.m2/repository/org/checkerframework/checker-qual/3.41.0/checker-qual-3.41.0.jar:/Users/ravikumar/.m2/repository/com/google/errorprone/error_prone_annotations/2.23.0/error_prone_annotations-2.23.0.jar:/Users/ravikumar/.m2/repository/com/google/j2objc/j2objc-annotations/2.8/j2objc-annotations-2.8.jar:/Users/ravikumar/.m2/repository/org/springframework/cloud/spring-cloud-starter-loadbalancer/4.1.4/spring-cloud-starter-loadbalancer-4.1.4.jar:/Users/ravikumar/.m2/repository/org/springframework/cloud/spring-cloud-loadbalancer/4.1.4/spring-cloud-loadbalancer-4.1.4.jar:/Users/ravikumar/.m2/repository/io/projectreactor/reactor-core/3.6.9/reactor-core-3.6.9.jar:/Users/ravikumar/.m2/repository/org/reactivestreams/reactive-streams/1.0.4/reactive-streams-1.0.4.jar:/Users/ravikumar/.m2/repository/io/projectreactor/addons/reactor-extra/3.5.2/reactor-extra-3.5.2.jar:/Users/ravikumar/.m2/repository/org/springframework/boot/spring-boot-starter-cache/3.3.3/spring-boot-starter-cache-3.3.3.jar:/Users/ravikumar/.m2/repository/org/springframework/spring-context-support/6.1.12/spring-context-support-6.1.12.jar:/Users/ravikumar/.m2/repository/com/stoyanr/evictor/1.0.0/evictor-1.0.0.jar:/Users/ravikumar/.m2/repository/org/springframework/cloud/spring-cloud-starter-openfeign/4.1.3/spring-cloud-starter-openfeign-4.1.3.jar:/Users/ravikumar/.m2/repository/org/springframework/cloud/spring-cloud-openfeign-core/4.1.3/spring-cloud-openfeign-core-4.1.3.jar:/Users/ravikumar/.m2/repository/io/github/openfeign/form/feign-form-spring/3.8.0/feign-form-spring-3.8.0.jar:/Users/ravikumar/.m2/repository/io/github/openfeign/form/feign-form/3.8.0/feign-form-3.8.0.jar:/Users/ravikumar/.m2/repository/commons-fileupload/commons-fileupload/1.5/commons-fileupload-1.5.jar:/Users/ravikumar/.m2/repository/commons-io/commons-io/2.11.0/commons-io-2.11.0.jar:/Users/ravikumar/.m2/repository/org/springframework/cloud/spring-cloud-commons/4.1.4/spring-cloud-commons-4.1.4.jar:/Users/ravikumar/.m2/repository/org/springframework/security/spring-security-crypto/6.3.3/spring-security-crypto-6.3.3.jar:/Users/ravikumar/.m2/repository/io/github/openfeign/feign-core/13.3/feign-core-13.3.jar:/Users/ravikumar/.m2/repository/io/github/openfeign/feign-slf4j/13.3/feign-slf4j-13.3.jar:/Users/ravikumar/.m2/repository/org/springframework/cloud/spring-cloud-starter-circuitbreaker-resilience4j/3.1.2/spring-cloud-starter-circuitbreaker-resilience4j-3.1.2.jar:/Users/ravikumar/.m2/repository/org/springframework/cloud/spring-cloud-circuitbreaker-resilience4j/3.1.2/spring-cloud-circuitbreaker-resilience4j-3.1.2.jar:/Users/ravikumar/.m2/repository/io/github/resilience4j/resilience4j-spring-boot3/2.1.0/resilience4j-spring-boot3-2.1.0.jar:/Users/ravikumar/.m2/repository/io/github/resilience4j/resilience4j-spring6/2.1.0/resilience4j-spring6-2.1.0.jar:/Users/ravikumar/.m2/repository/io/github/resilience4j/resilience4j-annotations/2.1.0/resilience4j-annotations-2.1.0.jar:/Users/ravikumar/.m2/repository/io/github/resilience4j/resilience4j-consumer/2.1.0/resilience4j-consumer-2.1.0.jar:/Users/ravikumar/.m2/repository/io/github/resilience4j/resilience4j-circularbuffer/2.1.0/resilience4j-circularbuffer-2.1.0.jar:/Users/ravikumar/.m2/repository/io/github/resilience4j/resilience4j-framework-common/2.1.0/resilience4j-framework-common-2.1.0.jar:/Users/ravikumar/.m2/repository/io/github/resilience4j/resilience4j-micrometer/2.1.0/resilience4j-micrometer-2.1.0.jar:/Users/ravikumar/.m2/repository/io/github/resilience4j/resilience4j-retry/2.1.0/resilience4j-retry-2.1.0.jar:/Users/ravikumar/.m2/repository/io/github/resilience4j/resilience4j-ratelimiter/2.1.0/resilience4j-ratelimiter-2.1.0.jar:/Users/ravikumar/.m2/repository/org/springframework/boot/spring-boot-configuration-processor/3.3.3/spring-boot-configuration-processor-3.3.3.jar:/Users/ravikumar/.m2/repository/io/github/resilience4j/resilience4j-circuitbreaker/2.1.0/resilience4j-circuitbreaker-2.1.0.jar:/Users/ravikumar/.m2/repository/io/github/resilience4j/resilience4j-core/2.1.0/resilience4j-core-2.1.0.jar:/Users/ravikumar/.m2/repository/io/github/resilience4j/resilience4j-timelimiter/2.1.0/resilience4j-timelimiter-2.1.0.jar:/Users/ravikumar/.m2/repository/org/springframework/boot/spring-boot-starter-actuator/3.3.3/spring-boot-starter-actuator-3.3.3.jar:/Users/ravikumar/.m2/repository/org/springframework/boot/spring-boot-actuator-autoconfigure/3.3.3/spring-boot-actuator-autoconfigure-3.3.3.jar:/Users/ravikumar/.m2/repository/org/springframework/boot/spring-boot-actuator/3.3.3/spring-boot-actuator-3.3.3.jar:/Users/ravikumar/.m2/repository/io/micrometer/micrometer-observation/1.13.3/micrometer-observation-1.13.3.jar:/Users/ravikumar/.m2/repository/io/micrometer/micrometer-commons/1.13.3/micrometer-commons-1.13.3.jar:/Users/ravikumar/.m2/repository/io/micrometer/micrometer-jakarta9/1.13.3/micrometer-jakarta9-1.13.3.jar:/Users/ravikumar/.m2/repository/io/micrometer/micrometer-tracing-bridge-brave/1.3.3/micrometer-tracing-bridge-brave-1.3.3.jar:/Users/ravikumar/.m2/repository/io/micrometer/micrometer-tracing/1.3.3/micrometer-tracing-1.3.3.jar:/Users/ravikumar/.m2/repository/io/micrometer/context-propagation/1.1.1/context-propagation-1.1.1.jar:/Users/ravikumar/.m2/repository/aopalliance/aopalliance/1.0/aopalliance-1.0.jar:/Users/ravikumar/.m2/repository/org/slf4j/slf4j-api/2.0.16/slf4j-api-2.0.16.jar:/Users/ravikumar/.m2/repository/io/zipkin/brave/brave/6.0.3/brave-6.0.3.jar:/Users/ravikumar/.m2/repository/io/zipkin/brave/brave-context-slf4j/6.0.3/brave-context-slf4j-6.0.3.jar:/Users/ravikumar/.m2/repository/io/zipkin/brave/brave-instrumentation-http/6.0.3/brave-instrumentation-http-6.0.3.jar:/Users/ravikumar/.m2/repository/io/zipkin/aws/brave-propagation-aws/1.2.5/brave-propagation-aws-1.2.5.jar:/Users/ravikumar/.m2/repository/io/zipkin/contrib/brave-propagation-w3c/brave-propagation-tracecontext/0.2.0/brave-propagation-tracecontext-0.2.0.jar:/Users/ravikumar/.m2/repository/io/zipkin/reporter2/zipkin-reporter-brave/3.4.0/zipkin-reporter-brave-3.4.0.jar:/Users/ravikumar/.m2/repository/io/zipkin/reporter2/zipkin-reporter/3.4.0/zipkin-reporter-3.4.0.jar:/Users/ravikumar/.m2/repository/io/github/openfeign/feign-micrometer/13.3/feign-micrometer-13.3.jar:/Users/ravikumar/.m2/repository/io/micrometer/micrometer-core/1.13.3/micrometer-core-1.13.3.jar:/Users/ravikumar/.m2/repository/org/hdrhistogram/HdrHistogram/2.2.2/HdrHistogram-2.2.2.jar:/Users/ravikumar/.m2/repository/org/latencyutils/LatencyUtils/2.0.3/LatencyUtils-2.0.3.jar:/Users/ravikumar/.m2/repository/org/springframework/boot/spring-boot-devtools/3.3.3/spring-boot-devtools-3.3.3.jar:/Users/ravikumar/.m2/repository/org/springframework/boot/spring-boot/3.3.3/spring-boot-3.3.3.jar:/Users/ravikumar/.m2/repository/org/springframework/boot/spring-boot-autoconfigure/3.3.3/spring-boot-autoconfigure-3.3.3.jar:/Users/ravikumar/.m2/repository/org/projectlombok/lombok/1.18.34/lombok-1.18.34.jar:/Users/ravikumar/.m2/repository/org/springframework/boot/spring-boot-starter-test/3.3.3/spring-boot-starter-test-3.3.3.jar:/Users/ravikumar/.m2/repository/org/springframework/boot/spring-boot-test/3.3.3/spring-boot-test-3.3.3.jar:/Users/ravikumar/.m2/repository/org/springframework/boot/spring-boot-test-autoconfigure/3.3.3/spring-boot-test-autoconfigure-3.3.3.jar:/Users/ravikumar/.m2/repository/com/jayway/jsonpath/json-path/2.9.0/json-path-2.9.0.jar:/Users/ravikumar/.m2/repository/jakarta/xml/bind/jakarta.xml.bind-api/4.0.2/jakarta.xml.bind-api-4.0.2.jar:/Users/ravikumar/.m2/repository/jakarta/activation/jakarta.activation-api/2.1.3/jakarta.activation-api-2.1.3.jar:/Users/ravikumar/.m2/repository/net/minidev/json-smart/2.5.1/json-smart-2.5.1.jar:/Users/ravikumar/.m2/repository/net/minidev/accessors-smart/2.5.1/accessors-smart-2.5.1.jar:/Users/ravikumar/.m2/repository/org/ow2/asm/asm/9.6/asm-9.6.jar:/Users/ravikumar/.m2/repository/org/assertj/assertj-core/3.25.3/assertj-core-3.25.3.jar:/Users/ravikumar/.m2/repository/org/awaitility/awaitility/4.2.2/awaitility-4.2.2.jar:/Users/ravikumar/.m2/repository/org/hamcrest/hamcrest/2.2/hamcrest-2.2.jar:/Users/ravikumar/.m2/repository/org/junit/jupiter/junit-jupiter/5.10.3/junit-jupiter-5.10.3.jar:/Users/ravikumar/.m2/repository/org/junit/jupiter/junit-jupiter-api/5.10.3/junit-jupiter-api-5.10.3.jar:/Users/ravikumar/.m2/repository/org/opentest4j/opentest4j/1.3.0/opentest4j-1.3.0.jar:/Users/ravikumar/.m2/repository/org/junit/platform/junit-platform-commons/1.10.3/junit-platform-commons-1.10.3.jar:/Users/ravikumar/.m2/repository/org/apiguardian/apiguardian-api/1.1.2/apiguardian-api-1.1.2.jar:/Users/ravikumar/.m2/repository/org/junit/jupiter/junit-jupiter-params/5.10.3/junit-jupiter-params-5.10.3.jar:/Users/ravikumar/.m2/repository/org/junit/jupiter/junit-jupiter-engine/5.10.3/junit-jupiter-engine-5.10.3.jar:/Users/ravikumar/.m2/repository/org/junit/platform/junit-platform-engine/1.10.3/junit-platform-engine-1.10.3.jar:/Users/ravikumar/.m2/repository/org/mockito/mockito-core/5.11.0/mockito-core-5.11.0.jar:/Users/ravikumar/.m2/repository/net/bytebuddy/byte-buddy-agent/1.14.19/byte-buddy-agent-1.14.19.jar:/Users/ravikumar/.m2/repository/org/objenesis/objenesis/3.3/objenesis-3.3.jar:/Users/ravikumar/.m2/repository/org/mockito/mockito-junit-jupiter/5.11.0/mockito-junit-jupiter-5.11.0.jar:/Users/ravikumar/.m2/repository/org/skyscreamer/jsonassert/1.5.3/jsonassert-1.5.3.jar:/Users/ravikumar/.m2/repository/com/vaadin/external/google/android-json/0.0.20131108.vaadin1/android-json-0.0.20131108.vaadin1.jar:/Users/ravikumar/.m2/repository/org/springframework/spring-core/6.1.12/spring-core-6.1.12.jar:/Users/ravikumar/.m2/repository/org/springframework/spring-jcl/6.1.12/spring-jcl-6.1.12.jar:/Users/ravikumar/.m2/repository/org/springframework/spring-test/6.1.12/spring-test-6.1.12.jar:/Users/ravikumar/.m2/repository/org/xmlunit/xmlunit-core/2.9.1/xmlunit-core-2.9.1.jar:"/>
    <property name="java.vm.vendor" value="Homebrew"/>
    <property name="sun.arch.data.model" value="64"/>
    <property name="java.vendor.url" value="https://github.com/Homebrew/homebrew-core/issues"/>
    <property name="user.timezone" value="Asia/Kolkata"/>
    <property name="org.jboss.logging.provider" value="slf4j"/>
    <property name="os.name" value="Mac OS X"/>
    <property name="java.vm.specification.version" value="21"/>
    <property name="sun.java.launcher" value="SUN_STANDARD"/>
    <property name="user.country" value="IN"/>
    <property name="sun.boot.library.path" value="/usr/local/Cellar/openjdk/21.0.2/libexec/openjdk.jdk/Contents/Home/lib"/>
    <property name="sun.java.command" value="/Users/ravikumar/Downloads/spring-micro-services/order-service/target/surefire/surefirebooter-20240921125100259_3.jar /Users/ravikumar/Downloads/spring-micro-services/order-service/target/surefire 2024-09-21T12-50-58_613-jvmRun1 surefire-20240921125100259_1tmp surefire_0-20240921125100259_2tmp"/>
    <property name="jdk.debug" value="release"/>
    <property name="surefire.test.class.path" value="/Users/ravikumar/Downloads/spring-micro-services/order-service/target/test-classes:/Users/ravikumar/Downloads/spring-micro-services/order-service/target/classes:/Users/ravikumar/.m2/repository/org/springframework/boot/spring-boot-starter-data-jpa/3.3.3/spring-boot-starter-data-jpa-3.3.3.jar:/Users/ravikumar/.m2/repository/org/springframework/boot/spring-boot-starter-aop/3.3.3/spring-boot-starter-aop-3.3.3.jar:/Users/ravikumar/.m2/repository/org/springframework/spring-aop/6.1.12/spring-aop-6.1.12.jar:/Users/ravikumar/.m2/repository/org/aspectj/aspectjweaver/1.9.22.1/aspectjweaver-1.9.22.1.jar:/Users/ravikumar/.m2/repository/org/springframework/boot/spring-boot-starter-jdbc/3.3.3/spring-boot-starter-jdbc-3.3.3.jar:/Users/ravikumar/.m2/repository/com/zaxxer/HikariCP/5.1.0/HikariCP-5.1.0.jar:/Users/ravikumar/.m2/repository/org/springframework/spring-jdbc/6.1.12/spring-jdbc-6.1.12.jar:/Users/ravikumar/.m2/repository/org/hibernate/orm/hibernate-core/6.5.2.Final/hibernate-core-6.5.2.Final.jar:/Users/ravikumar/.m2/repository/jakarta/persistence/jakarta.persistence-api/3.1.0/jakarta.persistence-api-3.1.0.jar:/Users/ravikumar/.m2/repository/jakarta/transaction/jakarta.transaction-api/2.0.1/jakarta.transaction-api-2.0.1.jar:/Users/ravikumar/.m2/repository/org/jboss/logging/jboss-logging/3.5.3.Final/jboss-logging-3.5.3.Final.jar:/Users/ravikumar/.m2/repository/org/hibernate/common/hibernate-commons-annotations/6.0.6.Final/hibernate-commons-annotations-6.0.6.Final.jar:/Users/ravikumar/.m2/repository/io/smallrye/jandex/3.1.2/jandex-3.1.2.jar:/Users/ravikumar/.m2/repository/com/fasterxml/classmate/1.7.0/classmate-1.7.0.jar:/Users/ravikumar/.m2/repository/net/bytebuddy/byte-buddy/1.14.19/byte-buddy-1.14.19.jar:/Users/ravikumar/.m2/repository/org/glassfish/jaxb/jaxb-runtime/4.0.5/jaxb-runtime-4.0.5.jar:/Users/ravikumar/.m2/repository/org/glassfish/jaxb/jaxb-core/4.0.5/jaxb-core-4.0.5.jar:/Users/ravikumar/.m2/repository/org/eclipse/angus/angus-activation/2.0.2/angus-activation-2.0.2.jar:/Users/ravikumar/.m2/repository/org/glassfish/jaxb/txw2/4.0.5/txw2-4.0.5.jar:/Users/ravikumar/.m2/repository/com/sun/istack/istack-commons-runtime/4.1.2/istack-commons-runtime-4.1.2.jar:/Users/ravikumar/.m2/repository/jakarta/inject/jakarta.inject-api/2.0.1/jakarta.inject-api-2.0.1.jar:/Users/ravikumar/.m2/repository/org/antlr/antlr4-runtime/4.13.0/antlr4-runtime-4.13.0.jar:/Users/ravikumar/.m2/repository/org/springframework/data/spring-data-jpa/3.3.3/spring-data-jpa-3.3.3.jar:/Users/ravikumar/.m2/repository/org/springframework/data/spring-data-commons/3.3.3/spring-data-commons-3.3.3.jar:/Users/ravikumar/.m2/repository/org/springframework/spring-orm/6.1.12/spring-orm-6.1.12.jar:/Users/ravikumar/.m2/repository/org/springframework/spring-context/6.1.12/spring-context-6.1.12.jar:/Users/ravikumar/.m2/repository/org/springframework/spring-tx/6.1.12/spring-tx-6.1.12.jar:/Users/ravikumar/.m2/repository/org/springframework/spring-beans/6.1.12/spring-beans-6.1.12.jar:/Users/ravikumar/.m2/repository/jakarta/annotation/jakarta.annotation-api/2.1.1/jakarta.annotation-api-2.1.1.jar:/Users/ravikumar/.m2/repository/org/springframework/spring-aspects/6.1.12/spring-aspects-6.1.12.jar:/Users/ravikumar/.m2/repository/org/springframework/boot/spring-boot-starter-web/3.3.3/spring-boot-starter-web-3.3.3.jar:/Users/ravikumar/.m2/repository/org/springframework/boot/spring-boot-starter/3.3.3/spring-boot-starter-3.3.3.jar:/Users/ravikumar/.m2/repository/org/springframework/boot/spring-boot-starter-logging/3.3.3/spring-boot-starter-logging-3.3.3.jar:/Users/ravikumar/.m2/repository/ch/qos/logback/logback-classic/1.5.7/logback-classic-1.5.7.jar:/Users/ravikumar/.m2/repository/ch/qos/logback/logback-core/1.5.7/logback-core-1.5.7.jar:/Users/ravikumar/.m2/repository/org/apache/logging/log4j/log4j-to-slf4j/2.23.1/log4j-to-slf4j-2.23.1.jar:/Users/ravikumar/.m2/repository/org/apache/logging/log4j/log4j-api/2.23.1/log4j-api-2.23.1.jar:/Users/ravikumar/.m2/repository/org/slf4j/jul-to-slf4j/2.0.16/jul-to-slf4j-2.0.16.jar:/Users/ravikumar/.m2/repository/org/yaml/snakeyaml/2.2/snakeyaml-2.2.jar:/Users/ravikumar/.m2/repository/org/springframework/boot/spring-boot-starter-json/3.3.3/spring-boot-starter-json-3.3.3.jar:/Users/ravikumar/.m2/repository/com/fasterxml/jackson/core/jackson-databind/2.17.2/jackson-databind-2.17.2.jar:/Users/ravikumar/.m2/repository/com/fasterxml/jackson/datatype/jackson-datatype-jdk8/2.17.2/jackson-datatype-jdk8-2.17.2.jar:/Users/ravikumar/.m2/repository/com/fasterxml/jackson/datatype/jackson-datatype-jsr310/2.17.2/jackson-datatype-jsr310-2.17.2.jar:/Users/ravikumar/.m2/repository/com/fasterxml/jackson/module/jackson-module-parameter-names/2.17.2/jackson-module-parameter-names-2.17.2.jar:/Users/ravikumar/.m2/repository/org/springframework/boot/spring-boot-starter-tomcat/3.3.3/spring-boot-starter-tomcat-3.3.3.jar:/Users/ravikumar/.m2/repository/org/apache/tomcat/embed/tomcat-embed-core/10.1.28/tomcat-embed-core-10.1.28.jar:/Users/ravikumar/.m2/repository/org/apache/tomcat/embed/tomcat-embed-el/10.1.28/tomcat-embed-el-10.1.28.jar:/Users/ravikumar/.m2/repository/org/apache/tomcat/embed/tomcat-embed-websocket/10.1.28/tomcat-embed-websocket-10.1.28.jar:/Users/ravikumar/.m2/repository/org/springframework/spring-web/6.1.12/spring-web-6.1.12.jar:/Users/ravikumar/.m2/repository/org/springframework/spring-webmvc/6.1.12/spring-webmvc-6.1.12.jar:/Users/ravikumar/.m2/repository/org/springframework/spring-expression/6.1.12/spring-expression-6.1.12.jar:/Users/ravikumar/.m2/repository/com/mysql/mysql-connector-j/8.3.0/mysql-connector-j-8.3.0.jar:/Users/ravikumar/.m2/repository/org/springframework/cloud/spring-cloud-starter-netflix-eureka-client/4.1.3/spring-cloud-starter-netflix-eureka-client-4.1.3.jar:/Users/ravikumar/.m2/repository/org/springframework/cloud/spring-cloud-starter/4.1.4/spring-cloud-starter-4.1.4.jar:/Users/ravikumar/.m2/repository/org/springframework/cloud/spring-cloud-context/4.1.4/spring-cloud-context-4.1.4.jar:/Users/ravikumar/.m2/repository/org/springframework/security/spring-security-rsa/1.1.3/spring-security-rsa-1.1.3.jar:/Users/ravikumar/.m2/repository/org/bouncycastle/bcprov-jdk18on/1.78/bcprov-jdk18on-1.78.jar:/Users/ravikumar/.m2/repository/org/springframework/cloud/spring-cloud-netflix-eureka-client/4.1.3/spring-cloud-netflix-eureka-client-4.1.3.jar:/Users/ravikumar/.m2/repository/org/apache/httpcomponents/client5/httpclient5/5.3.1/httpclient5-5.3.1.jar:/Users/ravikumar/.m2/repository/org/apache/httpcomponents/core5/httpcore5/5.2.5/httpcore5-5.2.5.jar:/Users/ravikumar/.m2/repository/org/apache/httpcomponents/core5/httpcore5-h2/5.2.5/httpcore5-h2-5.2.5.jar:/Users/ravikumar/.m2/repository/com/netflix/eureka/eureka-client/2.0.3/eureka-client-2.0.3.jar:/Users/ravikumar/.m2/repository/com/thoughtworks/xstream/xstream/1.4.20/xstream-1.4.20.jar:/Users/ravikumar/.m2/repository/io/github/x-stream/mxparser/1.2.2/mxparser-1.2.2.jar:/Users/ravikumar/.m2/repository/xmlpull/xmlpull/1.1.3.1/xmlpull-1.1.3.1.jar:/Users/ravikumar/.m2/repository/jakarta/ws/rs/jakarta.ws.rs-api/3.1.0/jakarta.ws.rs-api-3.1.0.jar:/Users/ravikumar/.m2/repository/com/netflix/spectator/spectator-api/1.7.3/spectator-api-1.7.3.jar:/Users/ravikumar/.m2/repository/org/apache/httpcomponents/httpclient/4.5.3/httpclient-4.5.3.jar:/Users/ravikumar/.m2/repository/org/apache/httpcomponents/httpcore/4.4.16/httpcore-4.4.16.jar:/Users/ravikumar/.m2/repository/commons-codec/commons-codec/1.16.1/commons-codec-1.16.1.jar:/Users/ravikumar/.m2/repository/commons-configuration/commons-configuration/1.10/commons-configuration-1.10.jar:/Users/ravikumar/.m2/repository/commons-lang/commons-lang/2.6/commons-lang-2.6.jar:/Users/ravikumar/.m2/repository/com/fasterxml/jackson/core/jackson-annotations/2.17.2/jackson-annotations-2.17.2.jar:/Users/ravikumar/.m2/repository/com/fasterxml/jackson/core/jackson-core/2.17.2/jackson-core-2.17.2.jar:/Users/ravikumar/.m2/repository/com/netflix/netflix-commons/netflix-eventbus/0.3.0/netflix-eventbus-0.3.0.jar:/Users/ravikumar/.m2/repository/com/netflix/netflix-commons/netflix-infix/0.3.0/netflix-infix-0.3.0.jar:/Users/ravikumar/.m2/repository/commons-jxpath/commons-jxpath/1.3/commons-jxpath-1.3.jar:/Users/ravikumar/.m2/repository/joda-time/joda-time/2.3/joda-time-2.3.jar:/Users/ravikumar/.m2/repository/org/antlr/antlr-runtime/3.4/antlr-runtime-3.4.jar:/Users/ravikumar/.m2/repository/org/antlr/stringtemplate/3.2.1/stringtemplate-3.2.1.jar:/Users/ravikumar/.m2/repository/antlr/antlr/2.7.7/antlr-2.7.7.jar:/Users/ravikumar/.m2/repository/com/google/code/gson/gson/2.10.1/gson-2.10.1.jar:/Users/ravikumar/.m2/repository/com/netflix/servo/servo-core/0.5.3/servo-core-0.5.3.jar:/Users/ravikumar/.m2/repository/org/apache/commons/commons-math/2.2/commons-math-2.2.jar:/Users/ravikumar/.m2/repository/javax/annotation/javax.annotation-api/1.2/javax.annotation-api-1.2.jar:/Users/ravikumar/.m2/repository/org/codehaus/jettison/jettison/1.5.4/jettison-1.5.4.jar:/Users/ravikumar/.m2/repository/com/netflix/eureka/eureka-core/2.0.3/eureka-core-2.0.3.jar:/Users/ravikumar/.m2/repository/com/fasterxml/woodstox/woodstox-core/6.2.1/woodstox-core-6.2.1.jar:/Users/ravikumar/.m2/repository/org/codehaus/woodstox/stax2-api/4.2.1/stax2-api-4.2.1.jar:/Users/ravikumar/.m2/repository/com/google/guava/guava/33.0.0-jre/guava-33.0.0-jre.jar:/Users/ravikumar/.m2/repository/com/google/guava/failureaccess/1.0.2/failureaccess-1.0.2.jar:/Users/ravikumar/.m2/repository/com/google/guava/listenablefuture/9999.0-empty-to-avoid-conflict-with-guava/listenablefuture-9999.0-empty-to-avoid-conflict-with-guava.jar:/Users/ravikumar/.m2/repository/org/checkerframework/checker-qual/3.41.0/checker-qual-3.41.0.jar:/Users/ravikumar/.m2/repository/com/google/errorprone/error_prone_annotations/2.23.0/error_prone_annotations-2.23.0.jar:/Users/ravikumar/.m2/repository/com/google/j2objc/j2objc-annotations/2.8/j2objc-annotations-2.8.jar:/Users/ravikumar/.m2/repository/org/springframework/cloud/spring-cloud-starter-loadbalancer/4.1.4/spring-cloud-starter-loadbalancer-4.1.4.jar:/Users/ravikumar/.m2/repository/org/springframework/cloud/spring-cloud-loadbalancer/4.1.4/spring-cloud-loadbalancer-4.1.4.jar:/Users/ravikumar/.m2/repository/io/projectreactor/reactor-core/3.6.9/reactor-core-3.6.9.jar:/Users/ravikumar/.m2/repository/org/reactivestreams/reactive-streams/1.0.4/reactive-streams-1.0.4.jar:/Users/ravikumar/.m2/repository/io/projectreactor/addons/reactor-extra/3.5.2/reactor-extra-3.5.2.jar:/Users/ravikumar/.m2/repository/org/springframework/boot/spring-boot-starter-cache/3.3.3/spring-boot-starter-cache-3.3.3.jar:/Users/ravikumar/.m2/repository/org/springframework/spring-context-support/6.1.12/spring-context-support-6.1.12.jar:/Users/ravikumar/.m2/repository/com/stoyanr/evictor/1.0.0/evictor-1.0.0.jar:/Users/ravikumar/.m2/repository/org/springframework/cloud/spring-cloud-starter-openfeign/4.1.3/spring-cloud-starter-openfeign-4.1.3.jar:/Users/ravikumar/.m2/repository/org/springframework/cloud/spring-cloud-openfeign-core/4.1.3/spring-cloud-openfeign-core-4.1.3.jar:/Users/ravikumar/.m2/repository/io/github/openfeign/form/feign-form-spring/3.8.0/feign-form-spring-3.8.0.jar:/Users/ravikumar/.m2/repository/io/github/openfeign/form/feign-form/3.8.0/feign-form-3.8.0.jar:/Users/ravikumar/.m2/repository/commons-fileupload/commons-fileupload/1.5/commons-fileupload-1.5.jar:/Users/ravikumar/.m2/repository/commons-io/commons-io/2.11.0/commons-io-2.11.0.jar:/Users/ravikumar/.m2/repository/org/springframework/cloud/spring-cloud-commons/4.1.4/spring-cloud-commons-4.1.4.jar:/Users/ravikumar/.m2/repository/org/springframework/security/spring-security-crypto/6.3.3/spring-security-crypto-6.3.3.jar:/Users/ravikumar/.m2/repository/io/github/openfeign/feign-core/13.3/feign-core-13.3.jar:/Users/ravikumar/.m2/repository/io/github/openfeign/feign-slf4j/13.3/feign-slf4j-13.3.jar:/Users/ravikumar/.m2/repository/org/springframework/cloud/spring-cloud-starter-circuitbreaker-resilience4j/3.1.2/spring-cloud-starter-circuitbreaker-resilience4j-3.1.2.jar:/Users/ravikumar/.m2/repository/org/springframework/cloud/spring-cloud-circuitbreaker-resilience4j/3.1.2/spring-cloud-circuitbreaker-resilience4j-3.1.2.jar:/Users/ravikumar/.m2/repository/io/github/resilience4j/resilience4j-spring-boot3/2.1.0/resilience4j-spring-boot3-2.1.0.jar:/Users/ravikumar/.m2/repository/io/github/resilience4j/resilience4j-spring6/2.1.0/resilience4j-spring6-2.1.0.jar:/Users/ravikumar/.m2/repository/io/github/resilience4j/resilience4j-annotations/2.1.0/resilience4j-annotations-2.1.0.jar:/Users/ravikumar/.m2/repository/io/github/resilience4j/resilience4j-consumer/2.1.0/resilience4j-consumer-2.1.0.jar:/Users/ravikumar/.m2/repository/io/github/resilience4j/resilience4j-circularbuffer/2.1.0/resilience4j-circularbuffer-2.1.0.jar:/Users/ravikumar/.m2/repository/io/github/resilience4j/resilience4j-framework-common/2.1.0/resilience4j-framework-common-2.1.0.jar:/Users/ravikumar/.m2/repository/io/github/resilience4j/resilience4j-micrometer/2.1.0/resilience4j-micrometer-2.1.0.jar:/Users/ravikumar/.m2/repository/io/github/resilience4j/resilience4j-retry/2.1.0/resilience4j-retry-2.1.0.jar:/Users/ravikumar/.m2/repository/io/github/resilience4j/resilience4j-ratelimiter/2.1.0/resilience4j-ratelimiter-2.1.0.jar:/Users/ravikumar/.m2/repository/org/springframework/boot/spring-boot-configuration-processor/3.3.3/spring-boot-configuration-processor-3.3.3.jar:/Users/ravikumar/.m2/repository/io/github/resilience4j/resilience4j-circuitbreaker/2.1.0/resilience4j-circuitbreaker-2.1.0.jar:/Users/ravikumar/.m2/repository/io/github/resilience4j/resilience4j-core/2.1.0/resilience4j-core-2.1.0.jar:/Users/ravikumar/.m2/repository/io/github/resilience4j/resilience4j-timelimiter/2.1.0/resilience4j-timelimiter-2.1.0.jar:/Users/ravikumar/.m2/repository/org/springframework/boot/spring-boot-starter-actuator/3.3.3/spring-boot-starter-actuator-3.3.3.jar:/Users/ravikumar/.m2/repository/org/springframework/boot/spring-boot-actuator-autoconfigure/3.3.3/spring-boot-actuator-autoconfigure-3.3.3.jar:/Users/ravikumar/.m2/repository/org/springframework/boot/spring-boot-actuator/3.3.3/spring-boot-actuator-3.3.3.jar:/Users/ravikumar/.m2/repository/io/micrometer/micrometer-observation/1.13.3/micrometer-observation-1.13.3.jar:/Users/ravikumar/.m2/repository/io/micrometer/micrometer-commons/1.13.3/micrometer-commons-1.13.3.jar:/Users/ravikumar/.m2/repository/io/micrometer/micrometer-jakarta9/1.13.3/micrometer-jakarta9-1.13.3.jar:/Users/ravikumar/.m2/repository/io/micrometer/micrometer-tracing-bridge-brave/1.3.3/micrometer-tracing-bridge-brave-1.3.3.jar:/Users/ravikumar/.m2/repository/io/micrometer/micrometer-tracing/1.3.3/micrometer-tracing-1.3.3.jar:/Users/ravikumar/.m2/repository/io/micrometer/context-propagation/1.1.1/context-propagation-1.1.1.jar:/Users/ravikumar/.m2/repository/aopalliance/aopalliance/1.0/aopalliance-1.0.jar:/Users/ravikumar/.m2/repository/org/slf4j/slf4j-api/2.0.16/slf4j-api-2.0.16.jar:/Users/ravikumar/.m2/repository/io/zipkin/brave/brave/6.0.3/brave-6.0.3.jar:/Users/ravikumar/.m2/repository/io/zipkin/brave/brave-context-slf4j/6.0.3/brave-context-slf4j-6.0.3.jar:/Users/ravikumar/.m2/repository/io/zipkin/brave/brave-instrumentation-http/6.0.3/brave-instrumentation-http-6.0.3.jar:/Users/ravikumar/.m2/repository/io/zipkin/aws/brave-propagation-aws/1.2.5/brave-propagation-aws-1.2.5.jar:/Users/ravikumar/.m2/repository/io/zipkin/contrib/brave-propagation-w3c/brave-propagation-tracecontext/0.2.0/brave-propagation-tracecontext-0.2.0.jar:/Users/ravikumar/.m2/repository/io/zipkin/reporter2/zipkin-reporter-brave/3.4.0/zipkin-reporter-brave-3.4.0.jar:/Users/ravikumar/.m2/repository/io/zipkin/reporter2/zipkin-reporter/3.4.0/zipkin-reporter-3.4.0.jar:/Users/ravikumar/.m2/repository/io/github/openfeign/feign-micrometer/13.3/feign-micrometer-13.3.jar:/Users/ravikumar/.m2/repository/io/micrometer/micrometer-core/1.13.3/micrometer-core-1.13.3.jar:/Users/ravikumar/.m2/repository/org/hdrhistogram/HdrHistogram/2.2.2/HdrHistogram-2.2.2.jar:/Users/ravikumar/.m2/repository/org/latencyutils/LatencyUtils/2.0.3/LatencyUtils-2.0.3.jar:/Users/ravikumar/.m2/repository/org/springframework/boot/spring-boot-devtools/3.3.3/spring-boot-devtools-3.3.3.jar:/Users/ravikumar/.m2/repository/org/springframework/boot/spring-boot/3.3.3/spring-boot-3.3.3.jar:/Users/ravikumar/.m2/repository/org/springframework/boot/spring-boot-autoconfigure/3.3.3/spring-boot-autoconfigure-3.3.3.jar:/Users/ravikumar/.m2/repository/org/projectlombok/lombok/1.18.34/lombok-1.18.34.jar:/Users/ravikumar/.m2/repository/org/springframework/boot/spring-boot-starter-test/3.3.3/spring-boot-starter-test-3.3.3.jar:/Users/ravikumar/.m2/repository/org/springframework/boot/spring-boot-test/3.3.3/spring-boot-test-3.3.3.jar:/Users/ravikumar/.m2/repository/org/springframework/boot/spring-boot-test-autoconfigure/3.3.3/spring-boot-test-autoconfigure-3.3.3.jar:/Users/ravikumar/.m2/repository/com/jayway/jsonpath/json-path/2.9.0/json-path-2.9.0.jar:/Users/ravikumar/.m2/repository/jakarta/xml/bind/jakarta.xml.bind-api/4.0.2/jakarta.xml.bind-api-4.0.2.jar:/Users/ravikumar/.m2/repository/jakarta/activation/jakarta.activation-api/2.1.3/jakarta.activation-api-2.1.3.jar:/Users/ravikumar/.m2/repository/net/minidev/json-smart/2.5.1/json-smart-2.5.1.jar:/Users/ravikumar/.m2/repository/net/minidev/accessors-smart/2.5.1/accessors-smart-2.5.1.jar:/Users/ravikumar/.m2/repository/org/ow2/asm/asm/9.6/asm-9.6.jar:/Users/ravikumar/.m2/repository/org/assertj/assertj-core/3.25.3/assertj-core-3.25.3.jar:/Users/ravikumar/.m2/repository/org/awaitility/awaitility/4.2.2/awaitility-4.2.2.jar:/Users/ravikumar/.m2/repository/org/hamcrest/hamcrest/2.2/hamcrest-2.2.jar:/Users/ravikumar/.m2/repository/org/junit/jupiter/junit-jupiter/5.10.3/junit-jupiter-5.10.3.jar:/Users/ravikumar/.m2/repository/org/junit/jupiter/junit-jupiter-api/5.10.3/junit-jupiter-api-5.10.3.jar:/Users/ravikumar/.m2/repository/org/opentest4j/opentest4j/1.3.0/opentest4j-1.3.0.jar:/Users/ravikumar/.m2/repository/org/junit/platform/junit-platform-commons/1.10.3/junit-platform-commons-1.10.3.jar:/Users/ravikumar/.m2/repository/org/apiguardian/apiguardian-api/1.1.2/apiguardian-api-1.1.2.jar:/Users/ravikumar/.m2/repository/org/junit/jupiter/junit-jupiter-params/5.10.3/junit-jupiter-params-5.10.3.jar:/Users/ravikumar/.m2/repository/org/junit/jupiter/junit-jupiter-engine/5.10.3/junit-jupiter-engine-5.10.3.jar:/Users/ravikumar/.m2/repository/org/junit/platform/junit-platform-engine/1.10.3/junit-platform-engine-1.10.3.jar:/Users/ravikumar/.m2/repository/org/mockito/mockito-core/5.11.0/mockito-core-5.11.0.jar:/Users/ravikumar/.m2/repository/net/bytebuddy/byte-buddy-agent/1.14.19/byte-buddy-agent-1.14.19.jar:/Users/ravikumar/.m2/repository/org/objenesis/objenesis/3.3/objenesis-3.3.jar:/Users/ravikumar/.m2/repository/org/mockito/mockito-junit-jupiter/5.11.0/mockito-junit-jupiter-5.11.0.jar:/Users/ravikumar/.m2/repository/org/skyscreamer/jsonassert/1.5.3/jsonassert-1.5.3.jar:/Users/ravikumar/.m2/repository/com/vaadin/external/google/android-json/0.0.20131108.vaadin1/android-json-0.0.20131108.vaadin1.jar:/Users/ravikumar/.m2/repository/org/springframework/spring-core/6.1.12/spring-core-6.1.12.jar:/Users/ravikumar/.m2/repository/org/springframework/spring-jcl/6.1.12/spring-jcl-6.1.12.jar:/Users/ravikumar/.m2/repository/org/springframework/spring-test/6.1.12/spring-test-6.1.12.jar:/Users/ravikumar/.m2/repository/org/xmlunit/xmlunit-core/2.9.1/xmlunit-core-2.9.1.jar:"/>
    <property name="sun.cpu.endian" value="little"/>
    <property name="user.home" value="/Users/ravikumar"/>
    <property name="user.language" value="en"/>
    <property name="java.specification.vendor" value="Oracle Corporation"/>
    <property name="java.version.date" value="2024-01-16"/>
    <property name="java.home" value="/usr/local/Cellar/openjdk/21.0.2/libexec/openjdk.jdk/Contents/Home"/>
    <property name="file.separator" value="/"/>
    <property name="basedir" value="/Users/ravikumar/Downloads/spring-micro-services/order-service"/>
    <property name="java.vm.compressedOopsMode" value="Zero based"/>
    <property name="line.separator" value="&#10;"/>
    <property name="java.vm.specification.vendor" value="Oracle Corporation"/>
    <property name="java.specification.name" value="Java Platform API Specification"/>
    <property name="FILE_LOG_CHARSET" value="UTF-8"/>
    <property name="java.awt.headless" value="true"/>
    <property name="apple.awt.application.name" value="ForkedBooter"/>
    <property name="surefire.real.class.path" value="/Users/ravikumar/Downloads/spring-micro-services/order-service/target/surefire/surefirebooter-20240921125100259_3.jar"/>
    <property name="sun.management.compiler" value="HotSpot 64-Bit Tiered Compilers"/>
    <property name="java.runtime.version" value="21.0.2"/>
    <property name="LOG_CORRELATION_PATTERN" value="%correlationId"/>
    <property name="user.name" value="ravikumar"/>
    <property name="stdout.encoding" value="UTF-8"/>
    <property name="path.separator" value=":"/>
    <property name="os.version" value="14.6.1"/>
    <property name="java.runtime.name" value="OpenJDK Runtime Environment"/>
    <property name="file.encoding" value="UTF-8"/>
    <property name="java.vm.name" value="OpenJDK 64-Bit Server VM"/>
    <property name="java.vendor.version" value="Homebrew"/>
    <property name="localRepository" value="/Users/ravikumar/.m2/repository"/>
    <property name="java.vendor.url.bug" value="https://github.com/Homebrew/homebrew-core/issues"/>
    <property name="java.io.tmpdir" value="/var/folders/dc/n4_k6f9s0xj6q5t3wfc5zxn40000gp/T/"/>
    <property name="com.zaxxer.hikari.pool_number" value="1"/>
    <property name="java.version" value="21.0.2"/>
    <property name="user.dir" value="/Users/ravikumar/Downloads/spring-micro-services/order-service"/>
    <property name="os.arch" value="x86_64"/>
    <property name="java.vm.specification.name" value="Java Virtual Machine Specification"/>
    <property name="PID" value="1808"/>
    <property name="CONSOLE_LOG_CHARSET" value="UTF-8"/>
    <property name="native.encoding" value="UTF-8"/>
    <property name="java.library.path" value="/Users/ravikumar/Library/Java/Extensions:/Library/Java/Extensions:/Network/Library/Java/Extensions:/System/Library/Java/Extensions:/usr/lib/java:."/>
    <property name="java.vm.info" value="mixed mode, sharing"/>
    <property name="stderr.encoding" value="UTF-8"/>
    <property name="java.vendor" value="Homebrew"/>
    <property name="java.vm.version" value="21.0.2"/>
    <property name="sun.io.unicode.encoding" value="UnicodeBig"/>
    <property name="java.class.version" value="65.0"/>
    <property name="LOGGED_APPLICATION_NAME" value="[order-service] "/>
  </properties>
  <testcase name="contextLoads" classname="com.example.order_service.OrderServiceApplicationTests" time="1.069">
    <system-out><![CDATA[12:51:01.726 [main] INFO org.springframework.test.context.support.AnnotationConfigContextLoaderUtils -- Could not detect default configuration classes for test class [com.example.order_service.OrderServiceApplicationTests]: OrderServiceApplicationTests does not declare any static, non-private, non-final, nested classes annotated with @Configuration.
12:51:01.862 [main] INFO org.springframework.boot.test.context.SpringBootTestContextBootstrapper -- Found @SpringBootConfiguration com.example.order_service.OrderServiceApplication for test class com.example.order_service.OrderServiceApplicationTests
12:51:02.018 [main] INFO org.springframework.boot.devtools.restart.RestartApplicationListener -- Restart disabled due to context in which it is running

  .   ____          _            __ _ _
 /\\ / ___'_ __ _ _(_)_ __  __ _ \ \ \ \
( ( )\___ | '_ | '_| | '_ \/ _` | \ \ \ \
 \\/  ___)| |_)| | | | | || (_| |  ) ) ) )
  '  |____| .__|_| |_|_| |_\__, | / / / /
 =========|_|==============|___/=/_/_/_/

 :: Spring Boot ::                (v3.3.3)

2024-09-21T12:51:03.200+05:30  INFO 1808 --- [order-service] [           main] [                                                 ] c.e.o.OrderServiceApplicationTests       : Starting OrderServiceApplicationTests using Java 21.0.2 with PID 1808 (started by ravikumar in /Users/ravikumar/Downloads/spring-micro-services/order-service)
2024-09-21T12:51:03.206+05:30  INFO 1808 --- [order-service] [           main] [                                                 ] c.e.o.OrderServiceApplicationTests       : No active profile set, falling back to 1 default profile: "default"
2024-09-21T12:51:05.154+05:30  INFO 1808 --- [order-service] [           main] [                                                 ] .s.d.r.c.RepositoryConfigurationDelegate : Bootstrapping Spring Data JPA repositories in DEFAULT mode.
2024-09-21T12:51:05.285+05:30  INFO 1808 --- [order-service] [           main] [                                                 ] .s.d.r.c.RepositoryConfigurationDelegate : Finished Spring Data repository scanning in 126 ms. Found 1 JPA repository interface.
2024-09-21T12:51:05.851+05:30  INFO 1808 --- [order-service] [           main] [                                                 ] o.s.cloud.context.scope.GenericScope     : BeanFactory id=77497bb3-b604-32a4-a029-7527252a38e5
2024-09-21T12:51:06.594+05:30  WARN 1808 --- [order-service] [           main] [                                                 ] trationDelegate$BeanPostProcessorChecker : Bean 'org.springframework.cloud.client.loadbalancer.LoadBalancerAutoConfiguration$DeferringLoadBalancerInterceptorConfig' of type [org.springframework.cloud.client.loadbalancer.LoadBalancerAutoConfiguration$DeferringLoadBalancerInterceptorConfig] is not eligible for getting processed by all BeanPostProcessors (for example: not eligible for auto-proxying). The currently created BeanPostProcessor [lbRestClientPostProcessor] is declared through a non-static factory method on that class; consider declaring it as static instead.
2024-09-21T12:51:06.610+05:30  WARN 1808 --- [order-service] [           main] [                                                 ] trationDelegate$BeanPostProcessorChecker : Bean 'deferringLoadBalancerInterceptor' of type [org.springframework.cloud.client.loadbalancer.DeferringLoadBalancerInterceptor] is not eligible for getting processed by all BeanPostProcessors (for example: not eligible for auto-proxying). Is this bean getting eagerly injected into a currently created BeanPostProcessor [lbRestClientPostProcessor]? Check the corresponding BeanPostProcessor declaration and its dependencies.
2024-09-21T12:51:06.981+05:30  INFO 1808 --- [order-service] [           main] [                                                 ] o.hibernate.jpa.internal.util.LogHelper  : HHH000204: Processing PersistenceUnitInfo [name: default]
2024-09-21T12:51:07.022+05:30  INFO 1808 --- [order-service] [           main] [                                                 ] org.hibernate.Version                    : HHH000412: Hibernate ORM core version 6.5.2.Final
2024-09-21T12:51:07.048+05:30  INFO 1808 --- [order-service] [           main] [                                                 ] o.h.c.internal.RegionFactoryInitiator    : HHH000026: Second-level cache disabled
2024-09-21T12:51:07.273+05:30  INFO 1808 --- [order-service] [           main] [                                                 ] o.s.o.j.p.SpringPersistenceUnitInfo      : No LoadTimeWeaver setup: ignoring JPA class transformer
2024-09-21T12:51:07.303+05:30  INFO 1808 --- [order-service] [           main] [                                                 ] com.zaxxer.hikari.HikariDataSource       : HikariPool-1 - Starting...
2024-09-21T12:51:07.724+05:30  INFO 1808 --- [order-service] [           main] [                                                 ] com.zaxxer.hikari.pool.HikariPool        : HikariPool-1 - Added connection com.mysql.cj.jdbc.ConnectionImpl@64381526
2024-09-21T12:51:07.726+05:30  INFO 1808 --- [order-service] [           main] [                                                 ] com.zaxxer.hikari.HikariDataSource       : HikariPool-1 - Start completed.
2024-09-21T12:51:07.779+05:30  WARN 1808 --- [order-service] [           main] [                                                 ] org.hibernate.orm.deprecation            : HHH90000025: MySQL8Dialect does not need to be specified explicitly using 'hibernate.dialect' (remove the property setting and it will be selected by default)
2024-09-21T12:51:07.780+05:30  WARN 1808 --- [order-service] [           main] [                                                 ] org.hibernate.orm.deprecation            : HHH90000026: MySQL8Dialect has been deprecated; use org.hibernate.dialect.MySQLDialect instead
2024-09-21T12:51:08.735+05:30  INFO 1808 --- [order-service] [           main] [                                                 ] o.h.e.t.j.p.i.JtaPlatformInitiator       : HHH000489: No JTA platform available (set 'hibernate.transaction.jta.platform' to enable JTA platform integration)
2024-09-21T12:51:08.808+05:30  INFO 1808 --- [order-service] [           main] [                                                 ] j.LocalContainerEntityManagerFactoryBean : Initialized JPA EntityManagerFactory for persistence unit 'default'
2024-09-21T12:51:10.055+05:30  WARN 1808 --- [order-service] [           main] [                                                 ] JpaBaseConfiguration$JpaWebConfiguration : spring.jpa.open-in-view is enabled by default. Therefore, database queries may be performed during view rendering. Explicitly configure spring.jpa.open-in-view to disable this warning
2024-09-21T12:51:10.590+05:30  INFO 1808 --- [order-service] [           main] [                                                 ] o.s.c.openfeign.FeignClientFactoryBean   : For 'USER-SERVICE' URL not provided. Will try picking an instance via load-balancing.
2024-09-21T12:51:14.162+05:30  INFO 1808 --- [order-service] [           main] [                                                 ] DiscoveryClientOptionalArgsConfiguration : Eureka HTTP Client uses RestTemplate.
2024-09-21T12:51:14.274+05:30  WARN 1808 --- [order-service] [           main] [                                                 ] iguration$LoadBalancerCaffeineWarnLogger : Spring Cloud LoadBalancer is currently working with the default cache. While this cache implementation is useful for development and tests, it's recommended to use Caffeine cache in production.You can switch to using Caffeine cache, by adding it and org.springframework.cache.caffeine.CaffeineCacheManager to the classpath.
2024-09-21T12:51:14.319+05:30  INFO 1808 --- [order-service] [           main] [                                                 ] o.s.b.a.e.web.EndpointLinksResolver      : Exposing 1 endpoint beneath base path '/actuator'
2024-09-21T12:51:14.474+05:30  INFO 1808 --- [order-service] [           main] [                                                 ] o.s.c.n.eureka.InstanceInfoFactory       : Setting initial instance status as: STARTING
2024-09-21T12:51:14.513+05:30  INFO 1808 --- [order-service] [           main] [                                                 ] com.netflix.discovery.DiscoveryClient    : Initializing Eureka in region us-east-1
2024-09-21T12:51:14.517+05:30  INFO 1808 --- [order-service] [           main] [                                                 ] c.n.d.s.r.aws.ConfigClusterResolver      : Resolving eureka endpoints via configuration
2024-09-21T12:51:14.525+05:30  INFO 1808 --- [order-service] [           main] [                                                 ] com.netflix.discovery.DiscoveryClient    : Disable delta property : false
2024-09-21T12:51:14.525+05:30  INFO 1808 --- [order-service] [           main] [                                                 ] com.netflix.discovery.DiscoveryClient    : Single vip registry refresh property : null
2024-09-21T12:51:14.525+05:30  INFO 1808 --- [order-service] [           main] [                                                 ] com.netflix.discovery.DiscoveryClient    : Force full registry fetch : false
2024-09-21T12:51:14.525+05:30  INFO 1808 --- [order-service] [           main] [                                                 ] com.netflix.discovery.DiscoveryClient    : Application is null : false
2024-09-21T12:51:14.526+05:30  INFO 1808 --- [order-service] [           main] [                                                 ] com.netflix.discovery.DiscoveryClient    : Registered Applications size is zero : true
2024-09-21T12:51:14.526+05:30  INFO 1808 --- [order-service] [           main] [                                                 ] com.netflix.discovery.DiscoveryClient    : Application version is -1: true
2024-09-21T12:51:14.526+05:30  INFO 1808 --- [order-service] [           main] [                                                 ] com.netflix.discovery.DiscoveryClient    : Getting all instance registry info from the eureka server
2024-09-21T12:51:14.821+05:30  INFO 1808 --- [order-service] [           main] [                                                 ] com.netflix.discovery.DiscoveryClient    : The response status is 200
2024-09-21T12:51:14.824+05:30  INFO 1808 --- [order-service] [           main] [                                                 ] com.netflix.discovery.DiscoveryClient    : Starting heartbeat executor: renew interval is: 30
2024-09-21T12:51:14.825+05:30  INFO 1808 --- [order-service] [           main] [                                                 ] c.n.discovery.InstanceInfoReplicator     : InstanceInfoReplicator onDemand update allowed rate per min is 4
2024-09-21T12:51:14.826+05:30  INFO 1808 --- [order-service] [           main] [                                                 ] com.netflix.discovery.DiscoveryClient    : Discovery Client initialized at timestamp 1726903274826 with initial instances count: 1
2024-09-21T12:51:14.848+05:30  INFO 1808 --- [order-service] [           main] [                                                 ] o.s.c.n.e.s.EurekaServiceRegistry        : Registering application ORDER-SERVICE with eureka with status UP
2024-09-21T12:51:14.850+05:30  INFO 1808 --- [order-service] [           main] [                                                 ] com.netflix.discovery.DiscoveryClient    : Saw local status change event StatusChangeEvent [timestamp=1726903274850, current=UP, previous=STARTING]
2024-09-21T12:51:14.851+05:30  INFO 1808 --- [order-service] [foReplicator-%d] [                                                 ] com.netflix.discovery.DiscoveryClient    : DiscoveryClient_ORDER-SERVICE/ip-192-168-0-100.ap-south-1.compute.internal:order-service:8001: registering service...
2024-09-21T12:51:14.882+05:30  INFO 1808 --- [order-service] [           main] [                                                 ] c.e.o.OrderServiceApplicationTests       : Started OrderServiceApplicationTests in 12.876 seconds (process running for 14.501)
2024-09-21T12:51:14.923+05:30  INFO 1808 --- [order-service] [foReplicator-%d] [                                                 ] com.netflix.discovery.DiscoveryClient    : DiscoveryClient_ORDER-SERVICE/ip-192-168-0-100.ap-south-1.compute.internal:order-service:8001 - registration status: 204
]]></system-out>
    <system-err><![CDATA[WARNING: A Java agent has been loaded dynamically (/Users/ravikumar/.m2/repository/net/bytebuddy/byte-buddy-agent/1.14.19/byte-buddy-agent-1.14.19.jar)
WARNING: If a serviceability tool is in use, please run with -XX:+EnableDynamicAgentLoading to hide this warning
WARNING: If a serviceability tool is not in use, please run with -Djdk.instrument.traceUsage for more information
WARNING: Dynamic loading of agents will be disallowed by default in a future release
]]></system-err>
  </testcase>
</testsuite>